{"/Users/anand/Desktop/task/backend/server.js": {"path":"/Users/anand/Desktop/task/backend/server.js","statementMap":{"0":{"start":{"line":7,"column":0},"end":{"line":7,"column":16}},"1":{"start":{"line":9,"column":0},"end":{"line":9,"column":60}},"2":{"start":{"line":11,"column":12},"end":{"line":11,"column":21}},"3":{"start":{"line":12,"column":13},"end":{"line":12,"column":37}},"4":{"start":{"line":14,"column":0},"end":{"line":14,"column":24}},"5":{"start":{"line":16,"column":0},"end":{"line":16,"column":51}},"6":{"start":{"line":17,"column":0},"end":{"line":17,"column":52}},"7":{"start":{"line":19,"column":0},"end":{"line":23,"column":3}},"8":{"start":{"line":20,"column":2},"end":{"line":22,"column":5}},"9":{"start":{"line":26,"column":0},"end":{"line":30,"column":1}},"10":{"start":{"line":27,"column":2},"end":{"line":29,"column":5}},"11":{"start":{"line":28,"column":4},"end":{"line":28,"column":54}},"12":{"start":{"line":32,"column":0},"end":{"line":34,"column":3}},"13":{"start":{"line":33,"column":2},"end":{"line":33,"column":64}}},"fnMap":{"0":{"name":"(anonymous_0)","decl":{"start":{"line":19,"column":13},"end":{"line":19,"column":14}},"loc":{"start":{"line":19,"column":27},"end":{"line":23,"column":1}},"line":19},"1":{"name":"(anonymous_1)","decl":{"start":{"line":27,"column":28},"end":{"line":27,"column":29}},"loc":{"start":{"line":27,"column":34},"end":{"line":29,"column":3}},"line":27},"2":{"name":"(anonymous_2)","decl":{"start":{"line":32,"column":18},"end":{"line":32,"column":19}},"loc":{"start":{"line":32,"column":27},"end":{"line":34,"column":1}},"line":32}},"branchMap":{"0":{"loc":{"start":{"line":12,"column":13},"end":{"line":12,"column":37}},"type":"binary-expr","locations":[{"start":{"line":12,"column":13},"end":{"line":12,"column":29}},{"start":{"line":12,"column":33},"end":{"line":12,"column":37}}],"line":12},"1":{"loc":{"start":{"line":26,"column":0},"end":{"line":30,"column":1}},"type":"if","locations":[{"start":{"line":26,"column":0},"end":{"line":30,"column":1}},{"start":{},"end":{}}],"line":26}},"s":{"0":1,"1":1,"2":1,"3":1,"4":1,"5":1,"6":1,"7":1,"8":0,"9":1,"10":0,"11":0,"12":1,"13":0},"f":{"0":0,"1":0,"2":0},"b":{"0":[1,0],"1":[0,1]},"inputSourceMap":null,"_coverageSchema":"1a1c01bbd47fc00a2c39e90264f33305004495a9","hash":"f6f933b3bc1ca0077fe43f2f5286778ed1903cbe"}
,"/Users/anand/Desktop/task/backend/config/db.js": {"path":"/Users/anand/Desktop/task/backend/config/db.js","statementMap":{"0":{"start":{"line":5,"column":0},"end":{"line":5,"column":39}},"1":{"start":{"line":6,"column":0},"end":{"line":6,"column":16}},"2":{"start":{"line":8,"column":17},"end":{"line":8,"column":19}},"3":{"start":{"line":10,"column":25},"end":{"line":10,"column":57}},"4":{"start":{"line":12,"column":17},"end":{"line":21,"column":1}},"5":{"start":{"line":23,"column":20},"end":{"line":23,"column":38}},"6":{"start":{"line":25,"column":25},"end":{"line":33,"column":1}},"7":{"start":{"line":26,"column":2},"end":{"line":32,"column":3}},"8":{"start":{"line":27,"column":4},"end":{"line":27,"column":33}},"9":{"start":{"line":28,"column":4},"end":{"line":28,"column":42}},"10":{"start":{"line":30,"column":4},"end":{"line":30,"column":68}},"11":{"start":{"line":31,"column":4},"end":{"line":31,"column":16}}},"fnMap":{"0":{"name":"(anonymous_0)","decl":{"start":{"line":25,"column":25},"end":{"line":25,"column":26}},"loc":{"start":{"line":25,"column":37},"end":{"line":33,"column":1}},"line":25}},"branchMap":{"0":{"loc":{"start":{"line":10,"column":25},"end":{"line":10,"column":57}},"type":"binary-expr","locations":[{"start":{"line":10,"column":25},"end":{"line":10,"column":51}},{"start":{"line":10,"column":55},"end":{"line":10,"column":57}}],"line":10},"1":{"loc":{"start":{"line":18,"column":4},"end":{"line":20,"column":13}},"type":"cond-expr","locations":[{"start":{"line":19,"column":8},"end":{"line":19,"column":36}},{"start":{"line":20,"column":8},"end":{"line":20,"column":13}}],"line":18}},"s":{"0":1,"1":1,"2":1,"3":1,"4":1,"5":1,"6":1,"7":1,"8":1,"9":1,"10":0,"11":0},"f":{"0":1},"b":{"0":[1,0],"1":[0,1]},"inputSourceMap":null,"_coverageSchema":"1a1c01bbd47fc00a2c39e90264f33305004495a9","hash":"557fff27c9dfbde31e7b3ccc3c30dae959838f40"}
,"/Users/anand/Desktop/task/backend/config/sequelize.js": {"path":"/Users/anand/Desktop/task/backend/config/sequelize.js","statementMap":{"0":{"start":{"line":4,"column":0},"end":{"line":4,"column":16}},"1":{"start":{"line":6,"column":25},"end":{"line":6,"column":57}},"2":{"start":{"line":8,"column":0},"end":{"line":10,"column":1}},"3":{"start":{"line":9,"column":2},"end":{"line":9,"column":82}},"4":{"start":{"line":12,"column":25},"end":{"line":25,"column":2}}},"fnMap":{},"branchMap":{"0":{"loc":{"start":{"line":6,"column":25},"end":{"line":6,"column":57}},"type":"binary-expr","locations":[{"start":{"line":6,"column":25},"end":{"line":6,"column":51}},{"start":{"line":6,"column":55},"end":{"line":6,"column":57}}],"line":6},"1":{"loc":{"start":{"line":8,"column":0},"end":{"line":10,"column":1}},"type":"if","locations":[{"start":{"line":8,"column":0},"end":{"line":10,"column":1}},{"start":{},"end":{}}],"line":8},"2":{"loc":{"start":{"line":17,"column":6},"end":{"line":19,"column":15}},"type":"cond-expr","locations":[{"start":{"line":18,"column":10},"end":{"line":18,"column":38}},{"start":{"line":19,"column":10},"end":{"line":19,"column":15}}],"line":17}},"s":{"0":2,"1":2,"2":2,"3":0,"4":2},"f":{},"b":{"0":[2,0],"1":[0,2],"2":[0,2]},"inputSourceMap":null,"_coverageSchema":"1a1c01bbd47fc00a2c39e90264f33305004495a9","hash":"55bfcac409548368eb9de04897695e0d8e891011"}
,"/Users/anand/Desktop/task/backend/controllers/dashboardController.js": {"path":"/Users/anand/Desktop/task/backend/controllers/dashboardController.js","statementMap":{"0":{"start":{"line":1,"column":21},"end":{"line":5,"column":1}},"1":{"start":{"line":2,"column":2},"end":{"line":4,"column":5}},"2":{"start":{"line":7,"column":23},"end":{"line":14,"column":1}},"3":{"start":{"line":8,"column":22},"end":{"line":8,"column":32}},"4":{"start":{"line":10,"column":2},"end":{"line":13,"column":5}},"5":{"start":{"line":16,"column":25},"end":{"line":20,"column":1}},"6":{"start":{"line":17,"column":2},"end":{"line":19,"column":5}}},"fnMap":{"0":{"name":"(anonymous_0)","decl":{"start":{"line":1,"column":21},"end":{"line":1,"column":22}},"loc":{"start":{"line":1,"column":35},"end":{"line":5,"column":1}},"line":1},"1":{"name":"(anonymous_1)","decl":{"start":{"line":7,"column":23},"end":{"line":7,"column":24}},"loc":{"start":{"line":7,"column":37},"end":{"line":14,"column":1}},"line":7},"2":{"name":"(anonymous_2)","decl":{"start":{"line":16,"column":25},"end":{"line":16,"column":26}},"loc":{"start":{"line":16,"column":39},"end":{"line":20,"column":1}},"line":16}},"branchMap":{},"s":{"0":1,"1":0,"2":1,"3":0,"4":0,"5":1,"6":0},"f":{"0":0,"1":0,"2":0},"b":{},"inputSourceMap":null,"_coverageSchema":"1a1c01bbd47fc00a2c39e90264f33305004495a9","hash":"70356f8bf37f65c6bbf1555fe1f8425d0ac67e06"}
,"/Users/anand/Desktop/task/backend/controllers/trainingController.js": {"path":"/Users/anand/Desktop/task/backend/controllers/trainingController.js","statementMap":{"0":{"start":{"line":4,"column":29},"end":{"line":27,"column":1}},"1":{"start":{"line":5,"column":2},"end":{"line":5,"column":22}},"2":{"start":{"line":5,"column":13},"end":{"line":5,"column":22}},"3":{"start":{"line":6,"column":2},"end":{"line":6,"column":44}},"4":{"start":{"line":6,"column":22},"end":{"line":6,"column":44}},"5":{"start":{"line":8,"column":2},"end":{"line":23,"column":3}},"6":{"start":{"line":9,"column":19},"end":{"line":16,"column":5}},"7":{"start":{"line":18,"column":4},"end":{"line":20,"column":5}},"8":{"start":{"line":19,"column":6},"end":{"line":19,"column":31}},"9":{"start":{"line":22,"column":4},"end":{"line":22,"column":65}},"10":{"start":{"line":26,"column":2},"end":{"line":26,"column":11}},"11":{"start":{"line":31,"column":4},"end":{"line":54,"column":5}},"12":{"start":{"line":32,"column":24},"end":{"line":32,"column":60}},"13":{"start":{"line":34,"column":16},"end":{"line":34,"column":47}},"14":{"start":{"line":35,"column":22},"end":{"line":39,"column":7}},"15":{"start":{"line":41,"column":21},"end":{"line":41,"column":82}},"16":{"start":{"line":42,"column":6},"end":{"line":45,"column":9}},"17":{"start":{"line":47,"column":6},"end":{"line":47,"column":60}},"18":{"start":{"line":48,"column":6},"end":{"line":53,"column":9}},"19":{"start":{"line":58,"column":4},"end":{"line":79,"column":5}},"20":{"start":{"line":59,"column":24},"end":{"line":59,"column":60}},"21":{"start":{"line":60,"column":33},"end":{"line":60,"column":43}},"22":{"start":{"line":62,"column":19},"end":{"line":62,"column":79}},"23":{"start":{"line":63,"column":6},"end":{"line":66,"column":9}},"24":{"start":{"line":68,"column":6},"end":{"line":68,"column":56}},"25":{"start":{"line":69,"column":6},"end":{"line":74,"column":7}},"26":{"start":{"line":70,"column":8},"end":{"line":73,"column":11}},"27":{"start":{"line":75,"column":6},"end":{"line":78,"column":9}},"28":{"start":{"line":83,"column":4},"end":{"line":97,"column":5}},"29":{"start":{"line":84,"column":24},"end":{"line":84,"column":60}},"30":{"start":{"line":85,"column":33},"end":{"line":85,"column":43}},"31":{"start":{"line":86,"column":27},"end":{"line":86,"column":35}},"32":{"start":{"line":88,"column":21},"end":{"line":88,"column":88}},"33":{"start":{"line":89,"column":6},"end":{"line":89,"column":42}},"34":{"start":{"line":91,"column":6},"end":{"line":91,"column":53}},"35":{"start":{"line":92,"column":21},"end":{"line":92,"column":40}},"36":{"start":{"line":93,"column":6},"end":{"line":96,"column":9}},"37":{"start":{"line":101,"column":4},"end":{"line":117,"column":5}},"38":{"start":{"line":102,"column":24},"end":{"line":102,"column":60}},"39":{"start":{"line":103,"column":33},"end":{"line":103,"column":43}},"40":{"start":{"line":105,"column":19},"end":{"line":105,"column":84}},"41":{"start":{"line":106,"column":6},"end":{"line":109,"column":9}},"42":{"start":{"line":111,"column":6},"end":{"line":111,"column":61}},"43":{"start":{"line":112,"column":21},"end":{"line":112,"column":40}},"44":{"start":{"line":113,"column":6},"end":{"line":116,"column":9}}},"fnMap":{"0":{"name":"(anonymous_0)","decl":{"start":{"line":4,"column":29},"end":{"line":4,"column":30}},"loc":{"start":{"line":4,"column":45},"end":{"line":27,"column":1}},"line":4},"1":{"name":"(anonymous_1)","decl":{"start":{"line":30,"column":2},"end":{"line":30,"column":3}},"loc":{"start":{"line":30,"column":45},"end":{"line":55,"column":3}},"line":30},"2":{"name":"(anonymous_2)","decl":{"start":{"line":57,"column":2},"end":{"line":57,"column":3}},"loc":{"start":{"line":57,"column":41},"end":{"line":80,"column":3}},"line":57},"3":{"name":"(anonymous_3)","decl":{"start":{"line":82,"column":2},"end":{"line":82,"column":3}},"loc":{"start":{"line":82,"column":38},"end":{"line":98,"column":3}},"line":82},"4":{"name":"(anonymous_4)","decl":{"start":{"line":100,"column":2},"end":{"line":100,"column":3}},"loc":{"start":{"line":100,"column":46},"end":{"line":118,"column":3}},"line":100}},"branchMap":{"0":{"loc":{"start":{"line":5,"column":2},"end":{"line":5,"column":22}},"type":"if","locations":[{"start":{"line":5,"column":2},"end":{"line":5,"column":22}},{"start":{},"end":{}}],"line":5},"1":{"loc":{"start":{"line":6,"column":2},"end":{"line":6,"column":44}},"type":"if","locations":[{"start":{"line":6,"column":2},"end":{"line":6,"column":44}},{"start":{},"end":{}}],"line":6},"2":{"loc":{"start":{"line":18,"column":4},"end":{"line":20,"column":5}},"type":"if","locations":[{"start":{"line":18,"column":4},"end":{"line":20,"column":5}},{"start":{},"end":{}}],"line":18},"3":{"loc":{"start":{"line":34,"column":16},"end":{"line":34,"column":47}},"type":"binary-expr","locations":[{"start":{"line":34,"column":16},"end":{"line":34,"column":34}},{"start":{"line":34,"column":38},"end":{"line":34,"column":47}}],"line":34},"4":{"loc":{"start":{"line":69,"column":6},"end":{"line":74,"column":7}},"type":"if","locations":[{"start":{"line":69,"column":6},"end":{"line":74,"column":7}},{"start":{},"end":{}}],"line":69},"5":{"loc":{"start":{"line":92,"column":21},"end":{"line":92,"column":40}},"type":"binary-expr","locations":[{"start":{"line":92,"column":21},"end":{"line":92,"column":33}},{"start":{"line":92,"column":37},"end":{"line":92,"column":40}}],"line":92},"6":{"loc":{"start":{"line":95,"column":17},"end":{"line":95,"column":58}},"type":"binary-expr","locations":[{"start":{"line":95,"column":17},"end":{"line":95,"column":30}},{"start":{"line":95,"column":34},"end":{"line":95,"column":58}}],"line":95},"7":{"loc":{"start":{"line":112,"column":21},"end":{"line":112,"column":40}},"type":"binary-expr","locations":[{"start":{"line":112,"column":21},"end":{"line":112,"column":33}},{"start":{"line":112,"column":37},"end":{"line":112,"column":40}}],"line":112},"8":{"loc":{"start":{"line":115,"column":17},"end":{"line":115,"column":68}},"type":"binary-expr","locations":[{"start":{"line":115,"column":17},"end":{"line":115,"column":30}},{"start":{"line":115,"column":34},"end":{"line":115,"column":68}}],"line":115}},"s":{"0":1,"1":8,"2":0,"3":8,"4":0,"5":8,"6":8,"7":8,"8":8,"9":0,"10":0,"11":2,"12":2,"13":2,"14":2,"15":2,"16":2,"17":0,"18":0,"19":2,"20":2,"21":2,"22":2,"23":1,"24":1,"25":1,"26":1,"27":0,"28":2,"29":2,"30":2,"31":2,"32":2,"33":1,"34":1,"35":1,"36":1,"37":2,"38":2,"39":2,"40":2,"41":1,"42":1,"43":1,"44":1},"f":{"0":8,"1":2,"2":2,"3":2,"4":2},"b":{"0":[0,8],"1":[0,8],"2":[8,0],"3":[2,0],"4":[1,0],"5":[1,0],"6":[1,0],"7":[1,0],"8":[1,0]},"inputSourceMap":null,"_coverageSchema":"1a1c01bbd47fc00a2c39e90264f33305004495a9","hash":"64dc36408fc9414669ec3be692979cc82122323c"}
,"/Users/anand/Desktop/task/backend/middleware/authMiddleware.js": {"path":"/Users/anand/Desktop/task/backend/middleware/authMiddleware.js","statementMap":{"0":{"start":{"line":4,"column":0},"end":{"line":4,"column":16}},"1":{"start":{"line":6,"column":30},"end":{"line":27,"column":1}},"2":{"start":{"line":7,"column":2},"end":{"line":26,"column":3}},"3":{"start":{"line":8,"column":23},"end":{"line":8,"column":48}},"4":{"start":{"line":9,"column":4},"end":{"line":14,"column":5}},"5":{"start":{"line":10,"column":6},"end":{"line":13,"column":9}},"6":{"start":{"line":16,"column":18},"end":{"line":16,"column":42}},"7":{"start":{"line":17,"column":20},"end":{"line":17,"column":82}},"8":{"start":{"line":19,"column":4},"end":{"line":19,"column":23}},"9":{"start":{"line":20,"column":4},"end":{"line":20,"column":11}},"10":{"start":{"line":22,"column":4},"end":{"line":25,"column":7}}},"fnMap":{"0":{"name":"(anonymous_0)","decl":{"start":{"line":6,"column":30},"end":{"line":6,"column":31}},"loc":{"start":{"line":6,"column":50},"end":{"line":27,"column":1}},"line":6}},"branchMap":{"0":{"loc":{"start":{"line":9,"column":4},"end":{"line":14,"column":5}},"type":"if","locations":[{"start":{"line":9,"column":4},"end":{"line":14,"column":5}},{"start":{},"end":{}}],"line":9},"1":{"loc":{"start":{"line":9,"column":8},"end":{"line":9,"column":56}},"type":"binary-expr","locations":[{"start":{"line":9,"column":8},"end":{"line":9,"column":19}},{"start":{"line":9,"column":23},"end":{"line":9,"column":56}}],"line":9},"2":{"loc":{"start":{"line":17,"column":38},"end":{"line":17,"column":81}},"type":"binary-expr","locations":[{"start":{"line":17,"column":38},"end":{"line":17,"column":60}},{"start":{"line":17,"column":64},"end":{"line":17,"column":81}}],"line":17}},"s":{"0":1,"1":1,"2":10,"3":10,"4":10,"5":0,"6":10,"7":10,"8":9,"9":9,"10":1},"f":{"0":10},"b":{"0":[0,10],"1":[10,10],"2":[10,0]},"inputSourceMap":null,"_coverageSchema":"1a1c01bbd47fc00a2c39e90264f33305004495a9","hash":"9cc9c745f7e600a263ef35d1e8ca367b1aaca9b3"}
,"/Users/anand/Desktop/task/backend/middleware/roleMiddleware.js": {"path":"/Users/anand/Desktop/task/backend/middleware/roleMiddleware.js","statementMap":{"0":{"start":{"line":1,"column":30},"end":{"line":11,"column":1}},"1":{"start":{"line":2,"column":2},"end":{"line":10,"column":4}},"2":{"start":{"line":3,"column":4},"end":{"line":8,"column":5}},"3":{"start":{"line":4,"column":6},"end":{"line":7,"column":9}},"4":{"start":{"line":9,"column":4},"end":{"line":9,"column":11}}},"fnMap":{"0":{"name":"(anonymous_0)","decl":{"start":{"line":1,"column":30},"end":{"line":1,"column":31}},"loc":{"start":{"line":1,"column":51},"end":{"line":11,"column":1}},"line":1},"1":{"name":"(anonymous_1)","decl":{"start":{"line":2,"column":9},"end":{"line":2,"column":10}},"loc":{"start":{"line":2,"column":29},"end":{"line":10,"column":3}},"line":2}},"branchMap":{"0":{"loc":{"start":{"line":3,"column":4},"end":{"line":8,"column":5}},"type":"if","locations":[{"start":{"line":3,"column":4},"end":{"line":8,"column":5}},{"start":{},"end":{}}],"line":3},"1":{"loc":{"start":{"line":3,"column":8},"end":{"line":3,"column":58}},"type":"binary-expr","locations":[{"start":{"line":3,"column":8},"end":{"line":3,"column":17}},{"start":{"line":3,"column":21},"end":{"line":3,"column":58}}],"line":3}},"s":{"0":1,"1":1,"2":9,"3":0,"4":9},"f":{"0":1,"1":9},"b":{"0":[0,9],"1":[9,9]},"inputSourceMap":null,"_coverageSchema":"1a1c01bbd47fc00a2c39e90264f33305004495a9","hash":"c99521dfb5e782dc9820aed0747ab720c710cea8"}
,"/Users/anand/Desktop/task/backend/middleware/validation.js": {"path":"/Users/anand/Desktop/task/backend/middleware/validation.js","statementMap":{"0":{"start":{"line":3,"column":36},"end":{"line":20,"column":1}},"1":{"start":{"line":4,"column":17},"end":{"line":8,"column":4}},"2":{"start":{"line":10,"column":27},"end":{"line":10,"column":53}},"3":{"start":{"line":11,"column":2},"end":{"line":16,"column":3}},"4":{"start":{"line":12,"column":4},"end":{"line":15,"column":7}},"5":{"start":{"line":18,"column":2},"end":{"line":18,"column":29}},"6":{"start":{"line":19,"column":2},"end":{"line":19,"column":9}},"7":{"start":{"line":22,"column":36},"end":{"line":36,"column":1}},"8":{"start":{"line":23,"column":17},"end":{"line":25,"column":4}},"9":{"start":{"line":27,"column":20},"end":{"line":27,"column":45}},"10":{"start":{"line":28,"column":2},"end":{"line":33,"column":3}},"11":{"start":{"line":29,"column":4},"end":{"line":32,"column":7}},"12":{"start":{"line":35,"column":2},"end":{"line":35,"column":9}},"13":{"start":{"line":38,"column":31},"end":{"line":52,"column":1}},"14":{"start":{"line":39,"column":17},"end":{"line":41,"column":4}},"15":{"start":{"line":43,"column":20},"end":{"line":43,"column":47}},"16":{"start":{"line":44,"column":2},"end":{"line":49,"column":3}},"17":{"start":{"line":45,"column":4},"end":{"line":48,"column":7}},"18":{"start":{"line":51,"column":2},"end":{"line":51,"column":9}}},"fnMap":{"0":{"name":"(anonymous_0)","decl":{"start":{"line":3,"column":36},"end":{"line":3,"column":37}},"loc":{"start":{"line":3,"column":56},"end":{"line":20,"column":1}},"line":3},"1":{"name":"(anonymous_1)","decl":{"start":{"line":22,"column":36},"end":{"line":22,"column":37}},"loc":{"start":{"line":22,"column":56},"end":{"line":36,"column":1}},"line":22},"2":{"name":"(anonymous_2)","decl":{"start":{"line":38,"column":31},"end":{"line":38,"column":32}},"loc":{"start":{"line":38,"column":51},"end":{"line":52,"column":1}},"line":38}},"branchMap":{"0":{"loc":{"start":{"line":11,"column":2},"end":{"line":16,"column":3}},"type":"if","locations":[{"start":{"line":11,"column":2},"end":{"line":16,"column":3}},{"start":{},"end":{}}],"line":11},"1":{"loc":{"start":{"line":28,"column":2},"end":{"line":33,"column":3}},"type":"if","locations":[{"start":{"line":28,"column":2},"end":{"line":33,"column":3}},{"start":{},"end":{}}],"line":28},"2":{"loc":{"start":{"line":44,"column":2},"end":{"line":49,"column":3}},"type":"if","locations":[{"start":{"line":44,"column":2},"end":{"line":49,"column":3}},{"start":{},"end":{}}],"line":44}},"s":{"0":1,"1":2,"2":2,"3":2,"4":0,"5":2,"6":2,"7":1,"8":3,"9":3,"10":3,"11":1,"12":2,"13":1,"14":7,"15":7,"16":7,"17":0,"18":7},"f":{"0":2,"1":3,"2":7},"b":{"0":[0,2],"1":[1,2],"2":[0,7]},"inputSourceMap":null,"_coverageSchema":"1a1c01bbd47fc00a2c39e90264f33305004495a9","hash":"6b81d517adca540dfbdb26eefc00ae2a7778ef84"}
,"/Users/anand/Desktop/task/backend/routes/dashboardRoutes.js": {"path":"/Users/anand/Desktop/task/backend/routes/dashboardRoutes.js","statementMap":{"0":{"start":{"line":3,"column":15},"end":{"line":3,"column":31}},"1":{"start":{"line":12,"column":0},"end":{"line":12,"column":30}},"2":{"start":{"line":15,"column":0},"end":{"line":15,"column":52}},"3":{"start":{"line":18,"column":0},"end":{"line":18,"column":47}}},"fnMap":{},"branchMap":{},"s":{"0":1,"1":1,"2":1,"3":1},"f":{},"b":{},"inputSourceMap":null,"_coverageSchema":"1a1c01bbd47fc00a2c39e90264f33305004495a9","hash":"d4db7411e61afe235b26397766c727d474ef517b"}
,"/Users/anand/Desktop/task/backend/routes/trainingRoutes.js": {"path":"/Users/anand/Desktop/task/backend/routes/trainingRoutes.js","statementMap":{"0":{"start":{"line":11,"column":15},"end":{"line":11,"column":31}},"1":{"start":{"line":14,"column":0},"end":{"line":14,"column":63}},"2":{"start":{"line":17,"column":0},"end":{"line":17,"column":78}},"3":{"start":{"line":18,"column":0},"end":{"line":18,"column":72}},"4":{"start":{"line":19,"column":0},"end":{"line":24,"column":2}},"5":{"start":{"line":25,"column":0},"end":{"line":25,"column":86}}},"fnMap":{},"branchMap":{},"s":{"0":1,"1":1,"2":1,"3":1,"4":1,"5":1},"f":{},"b":{},"inputSourceMap":null,"_coverageSchema":"1a1c01bbd47fc00a2c39e90264f33305004495a9","hash":"b51a6ed32aa7ceda4d8e5927f49561e3901e2915"}
,"/Users/anand/Desktop/task/backend/services/trainingService.js": {"path":"/Users/anand/Desktop/task/backend/services/trainingService.js","statementMap":{"0":{"start":{"line":15,"column":47},"end":{"line":15,"column":54}},"1":{"start":{"line":16,"column":24},"end":{"line":16,"column":37}},"2":{"start":{"line":18,"column":4},"end":{"line":20,"column":5}},"3":{"start":{"line":19,"column":6},"end":{"line":19,"column":34}},"4":{"start":{"line":22,"column":28},"end":{"line":52,"column":6}},"5":{"start":{"line":54,"column":17},"end":{"line":72,"column":6}},"6":{"start":{"line":55,"column":20},"end":{"line":55,"column":44}},"7":{"start":{"line":56,"column":6},"end":{"line":71,"column":8}},"8":{"start":{"line":74,"column":4},"end":{"line":81,"column":6}},"9":{"start":{"line":88,"column":21},"end":{"line":115,"column":6}},"10":{"start":{"line":117,"column":4},"end":{"line":119,"column":5}},"11":{"start":{"line":118,"column":6},"end":{"line":118,"column":44}},"12":{"start":{"line":121,"column":18},"end":{"line":121,"column":47}},"13":{"start":{"line":122,"column":4},"end":{"line":139,"column":6}},"14":{"start":{"line":146,"column":21},"end":{"line":146,"column":81}},"15":{"start":{"line":147,"column":4},"end":{"line":151,"column":5}},"16":{"start":{"line":148,"column":18},"end":{"line":148,"column":49}},"17":{"start":{"line":149,"column":6},"end":{"line":149,"column":23}},"18":{"start":{"line":150,"column":6},"end":{"line":150,"column":16}},"19":{"start":{"line":153,"column":26},"end":{"line":153,"column":34}},"20":{"start":{"line":154,"column":4},"end":{"line":158,"column":5}},"21":{"start":{"line":155,"column":6},"end":{"line":155,"column":60}},"22":{"start":{"line":157,"column":6},"end":{"line":157,"column":47}},"23":{"start":{"line":160,"column":19},"end":{"line":160,"column":57}},"24":{"start":{"line":161,"column":4},"end":{"line":165,"column":5}},"25":{"start":{"line":162,"column":18},"end":{"line":162,"column":47}},"26":{"start":{"line":163,"column":6},"end":{"line":163,"column":23}},"27":{"start":{"line":164,"column":6},"end":{"line":164,"column":16}},"28":{"start":{"line":167,"column":4},"end":{"line":167,"column":40}},"29":{"start":{"line":168,"column":4},"end":{"line":168,"column":26}},"30":{"start":{"line":170,"column":4},"end":{"line":170,"column":70}},"31":{"start":{"line":177,"column":21},"end":{"line":179,"column":6}},"32":{"start":{"line":181,"column":4},"end":{"line":183,"column":5}},"33":{"start":{"line":182,"column":6},"end":{"line":182,"column":53}},"34":{"start":{"line":185,"column":23},"end":{"line":185,"column":47}},"35":{"start":{"line":186,"column":28},"end":{"line":186,"column":57}},"36":{"start":{"line":187,"column":28},"end":{"line":187,"column":59}},"37":{"start":{"line":189,"column":27},"end":{"line":191,"column":5}},"38":{"start":{"line":193,"column":4},"end":{"line":193,"column":45}},"39":{"start":{"line":194,"column":4},"end":{"line":194,"column":26}},"40":{"start":{"line":196,"column":4},"end":{"line":196,"column":26}},"41":{"start":{"line":203,"column":21},"end":{"line":203,"column":81}},"42":{"start":{"line":204,"column":4},"end":{"line":208,"column":5}},"43":{"start":{"line":205,"column":18},"end":{"line":205,"column":49}},"44":{"start":{"line":206,"column":6},"end":{"line":206,"column":23}},"45":{"start":{"line":207,"column":6},"end":{"line":207,"column":16}},"46":{"start":{"line":210,"column":25},"end":{"line":219,"column":6}},"47":{"start":{"line":221,"column":28},"end":{"line":221,"column":47}},"48":{"start":{"line":222,"column":4},"end":{"line":235,"column":5}},"49":{"start":{"line":223,"column":6},"end":{"line":234,"column":8}},"50":{"start":{"line":237,"column":32},"end":{"line":239,"column":12}},"51":{"start":{"line":238,"column":13},"end":{"line":238,"column":37}},"52":{"start":{"line":240,"column":33},"end":{"line":242,"column":5}},"53":{"start":{"line":244,"column":28},"end":{"line":244,"column":89}},"54":{"start":{"line":244,"column":60},"end":{"line":244,"column":85}},"55":{"start":{"line":245,"column":27},"end":{"line":245,"column":72}},"56":{"start":{"line":247,"column":28},"end":{"line":247,"column":96}},"57":{"start":{"line":247,"column":60},"end":{"line":247,"column":92}},"58":{"start":{"line":248,"column":28},"end":{"line":248,"column":86}},"59":{"start":{"line":251,"column":31},"end":{"line":253,"column":51}},"60":{"start":{"line":252,"column":18},"end":{"line":252,"column":37}},"61":{"start":{"line":253,"column":21},"end":{"line":253,"column":50}},"62":{"start":{"line":255,"column":26},"end":{"line":257,"column":9}},"63":{"start":{"line":256,"column":57},"end":{"line":256,"column":64}},"64":{"start":{"line":258,"column":26},"end":{"line":258,"column":89}},"65":{"start":{"line":259,"column":25},"end":{"line":259,"column":88}},"66":{"start":{"line":263,"column":29},"end":{"line":263,"column":31}},"67":{"start":{"line":264,"column":4},"end":{"line":269,"column":5}},"68":{"start":{"line":265,"column":24},"end":{"line":265,"column":45}},"69":{"start":{"line":266,"column":6},"end":{"line":268,"column":7}},"70":{"start":{"line":267,"column":8},"end":{"line":267,"column":53}},"71":{"start":{"line":272,"column":27},"end":{"line":276,"column":6}},"72":{"start":{"line":281,"column":33},"end":{"line":283,"column":12}},"73":{"start":{"line":282,"column":13},"end":{"line":282,"column":74}},"74":{"start":{"line":284,"column":31},"end":{"line":284,"column":69}},"75":{"start":{"line":286,"column":4},"end":{"line":304,"column":6}},"76":{"start":{"line":311,"column":21},"end":{"line":313,"column":6}},"77":{"start":{"line":315,"column":4},"end":{"line":317,"column":5}},"78":{"start":{"line":316,"column":6},"end":{"line":316,"column":51}},"79":{"start":{"line":326,"column":8},"end":{"line":326,"column":18}},"80":{"start":{"line":328,"column":4},"end":{"line":328,"column":67}},"81":{"start":{"line":328,"column":34},"end":{"line":328,"column":67}},"82":{"start":{"line":329,"column":4},"end":{"line":329,"column":82}},"83":{"start":{"line":329,"column":39},"end":{"line":329,"column":82}},"84":{"start":{"line":330,"column":4},"end":{"line":330,"column":82}},"85":{"start":{"line":330,"column":39},"end":{"line":330,"column":82}},"86":{"start":{"line":331,"column":4},"end":{"line":331,"column":88}},"87":{"start":{"line":331,"column":41},"end":{"line":331,"column":88}},"88":{"start":{"line":332,"column":4},"end":{"line":332,"column":55}},"89":{"start":{"line":332,"column":30},"end":{"line":332,"column":55}},"90":{"start":{"line":333,"column":4},"end":{"line":333,"column":79}},"91":{"start":{"line":333,"column":38},"end":{"line":333,"column":79}},"92":{"start":{"line":335,"column":4},"end":{"line":335,"column":26}},"93":{"start":{"line":338,"column":4},"end":{"line":344,"column":5}},"94":{"start":{"line":343,"column":6},"end":{"line":343,"column":66}},"95":{"start":{"line":346,"column":4},"end":{"line":346,"column":71}}},"fnMap":{"0":{"name":"(anonymous_0)","decl":{"start":{"line":14,"column":2},"end":{"line":14,"column":3}},"loc":{"start":{"line":14,"column":60},"end":{"line":82,"column":3}},"line":14},"1":{"name":"(anonymous_1)","decl":{"start":{"line":54,"column":26},"end":{"line":54,"column":27}},"loc":{"start":{"line":54,"column":35},"end":{"line":72,"column":5}},"line":54},"2":{"name":"(anonymous_2)","decl":{"start":{"line":87,"column":2},"end":{"line":87,"column":3}},"loc":{"start":{"line":87,"column":54},"end":{"line":140,"column":3}},"line":87},"3":{"name":"(anonymous_3)","decl":{"start":{"line":145,"column":2},"end":{"line":145,"column":3}},"loc":{"start":{"line":145,"column":61},"end":{"line":171,"column":3}},"line":145},"4":{"name":"(anonymous_4)","decl":{"start":{"line":176,"column":2},"end":{"line":176,"column":3}},"loc":{"start":{"line":176,"column":64},"end":{"line":197,"column":3}},"line":176},"5":{"name":"(anonymous_5)","decl":{"start":{"line":202,"column":2},"end":{"line":202,"column":3}},"loc":{"start":{"line":202,"column":59},"end":{"line":305,"column":3}},"line":202},"6":{"name":"(anonymous_6)","decl":{"start":{"line":238,"column":6},"end":{"line":238,"column":7}},"loc":{"start":{"line":238,"column":13},"end":{"line":238,"column":37}},"line":238},"7":{"name":"(anonymous_7)","decl":{"start":{"line":244,"column":48},"end":{"line":244,"column":49}},"loc":{"start":{"line":244,"column":60},"end":{"line":244,"column":85}},"line":244},"8":{"name":"(anonymous_8)","decl":{"start":{"line":247,"column":48},"end":{"line":247,"column":49}},"loc":{"start":{"line":247,"column":60},"end":{"line":247,"column":92}},"line":247},"9":{"name":"(anonymous_9)","decl":{"start":{"line":252,"column":11},"end":{"line":252,"column":12}},"loc":{"start":{"line":252,"column":18},"end":{"line":252,"column":37}},"line":252},"10":{"name":"(anonymous_10)","decl":{"start":{"line":253,"column":14},"end":{"line":253,"column":15}},"loc":{"start":{"line":253,"column":21},"end":{"line":253,"column":50}},"line":253},"11":{"name":"(anonymous_11)","decl":{"start":{"line":256,"column":45},"end":{"line":256,"column":46}},"loc":{"start":{"line":256,"column":57},"end":{"line":256,"column":64}},"line":256},"12":{"name":"(anonymous_12)","decl":{"start":{"line":282,"column":6},"end":{"line":282,"column":7}},"loc":{"start":{"line":282,"column":13},"end":{"line":282,"column":74}},"line":282},"13":{"name":"(anonymous_13)","decl":{"start":{"line":310,"column":2},"end":{"line":310,"column":3}},"loc":{"start":{"line":310,"column":76},"end":{"line":347,"column":3}},"line":310}},"branchMap":{"0":{"loc":{"start":{"line":14,"column":46},"end":{"line":14,"column":58}},"type":"default-arg","locations":[{"start":{"line":14,"column":56},"end":{"line":14,"column":58}}],"line":14},"1":{"loc":{"start":{"line":15,"column":20},"end":{"line":15,"column":30}},"type":"default-arg","locations":[{"start":{"line":15,"column":28},"end":{"line":15,"column":30}}],"line":15},"2":{"loc":{"start":{"line":15,"column":32},"end":{"line":15,"column":42}},"type":"default-arg","locations":[{"start":{"line":15,"column":41},"end":{"line":15,"column":42}}],"line":15},"3":{"loc":{"start":{"line":18,"column":4},"end":{"line":20,"column":5}},"type":"if","locations":[{"start":{"line":18,"column":4},"end":{"line":20,"column":5}},{"start":{},"end":{}}],"line":18},"4":{"loc":{"start":{"line":61,"column":16},"end":{"line":67,"column":16}},"type":"cond-expr","locations":[{"start":{"line":62,"column":12},"end":{"line":66,"column":13}},{"start":{"line":67,"column":12},"end":{"line":67,"column":16}}],"line":61},"5":{"loc":{"start":{"line":64,"column":20},"end":{"line":64,"column":73}},"type":"cond-expr","locations":[{"start":{"line":64,"column":40},"end":{"line":64,"column":66}},{"start":{"line":64,"column":69},"end":{"line":64,"column":73}}],"line":64},"6":{"loc":{"start":{"line":65,"column":21},"end":{"line":65,"column":71}},"type":"cond-expr","locations":[{"start":{"line":65,"column":41},"end":{"line":65,"column":64}},{"start":{"line":65,"column":67},"end":{"line":65,"column":71}}],"line":65},"7":{"loc":{"start":{"line":68,"column":28},"end":{"line":68,"column":57}},"type":"binary-expr","locations":[{"start":{"line":68,"column":28},"end":{"line":68,"column":52}},{"start":{"line":68,"column":56},"end":{"line":68,"column":57}}],"line":68},"8":{"loc":{"start":{"line":117,"column":4},"end":{"line":119,"column":5}},"type":"if","locations":[{"start":{"line":117,"column":4},"end":{"line":119,"column":5}},{"start":{},"end":{}}],"line":117},"9":{"loc":{"start":{"line":129,"column":14},"end":{"line":135,"column":14}},"type":"cond-expr","locations":[{"start":{"line":130,"column":10},"end":{"line":134,"column":11}},{"start":{"line":135,"column":10},"end":{"line":135,"column":14}}],"line":129},"10":{"loc":{"start":{"line":132,"column":18},"end":{"line":132,"column":71}},"type":"cond-expr","locations":[{"start":{"line":132,"column":38},"end":{"line":132,"column":64}},{"start":{"line":132,"column":67},"end":{"line":132,"column":71}}],"line":132},"11":{"loc":{"start":{"line":133,"column":19},"end":{"line":133,"column":69}},"type":"cond-expr","locations":[{"start":{"line":133,"column":39},"end":{"line":133,"column":62}},{"start":{"line":133,"column":65},"end":{"line":133,"column":69}}],"line":133},"12":{"loc":{"start":{"line":136,"column":26},"end":{"line":136,"column":55}},"type":"binary-expr","locations":[{"start":{"line":136,"column":26},"end":{"line":136,"column":50}},{"start":{"line":136,"column":54},"end":{"line":136,"column":55}}],"line":136},"13":{"loc":{"start":{"line":137,"column":18},"end":{"line":137,"column":40}},"type":"binary-expr","locations":[{"start":{"line":137,"column":18},"end":{"line":137,"column":34}},{"start":{"line":137,"column":38},"end":{"line":137,"column":40}}],"line":137},"14":{"loc":{"start":{"line":147,"column":4},"end":{"line":151,"column":5}},"type":"if","locations":[{"start":{"line":147,"column":4},"end":{"line":151,"column":5}},{"start":{},"end":{}}],"line":147},"15":{"loc":{"start":{"line":154,"column":4},"end":{"line":158,"column":5}},"type":"if","locations":[{"start":{"line":154,"column":4},"end":{"line":158,"column":5}},{"start":{"line":156,"column":11},"end":{"line":158,"column":5}}],"line":154},"16":{"loc":{"start":{"line":154,"column":8},"end":{"line":154,"column":64}},"type":"binary-expr","locations":[{"start":{"line":154,"column":8},"end":{"line":154,"column":36}},{"start":{"line":154,"column":40},"end":{"line":154,"column":64}}],"line":154},"17":{"loc":{"start":{"line":161,"column":4},"end":{"line":165,"column":5}},"type":"if","locations":[{"start":{"line":161,"column":4},"end":{"line":165,"column":5}},{"start":{},"end":{}}],"line":161},"18":{"loc":{"start":{"line":181,"column":4},"end":{"line":183,"column":5}},"type":"if","locations":[{"start":{"line":181,"column":4},"end":{"line":183,"column":5}},{"start":{},"end":{}}],"line":181},"19":{"loc":{"start":{"line":185,"column":23},"end":{"line":185,"column":47}},"type":"binary-expr","locations":[{"start":{"line":185,"column":23},"end":{"line":185,"column":42}},{"start":{"line":185,"column":46},"end":{"line":185,"column":47}}],"line":185},"20":{"loc":{"start":{"line":186,"column":28},"end":{"line":186,"column":57}},"type":"binary-expr","locations":[{"start":{"line":186,"column":28},"end":{"line":186,"column":52}},{"start":{"line":186,"column":56},"end":{"line":186,"column":57}}],"line":186},"21":{"loc":{"start":{"line":187,"column":28},"end":{"line":187,"column":59}},"type":"binary-expr","locations":[{"start":{"line":187,"column":28},"end":{"line":187,"column":52}},{"start":{"line":187,"column":56},"end":{"line":187,"column":59}}],"line":187},"22":{"loc":{"start":{"line":204,"column":4},"end":{"line":208,"column":5}},"type":"if","locations":[{"start":{"line":204,"column":4},"end":{"line":208,"column":5}},{"start":{},"end":{}}],"line":204},"23":{"loc":{"start":{"line":222,"column":4},"end":{"line":235,"column":5}},"type":"if","locations":[{"start":{"line":222,"column":4},"end":{"line":235,"column":5}},{"start":{},"end":{}}],"line":222},"24":{"loc":{"start":{"line":244,"column":67},"end":{"line":244,"column":84}},"type":"binary-expr","locations":[{"start":{"line":244,"column":67},"end":{"line":244,"column":79}},{"start":{"line":244,"column":83},"end":{"line":244,"column":84}}],"line":244},"25":{"loc":{"start":{"line":247,"column":67},"end":{"line":247,"column":91}},"type":"binary-expr","locations":[{"start":{"line":247,"column":67},"end":{"line":247,"column":84}},{"start":{"line":247,"column":88},"end":{"line":247,"column":91}}],"line":247},"26":{"loc":{"start":{"line":253,"column":21},"end":{"line":253,"column":50}},"type":"binary-expr","locations":[{"start":{"line":253,"column":21},"end":{"line":253,"column":31}},{"start":{"line":253,"column":35},"end":{"line":253,"column":50}}],"line":253},"27":{"loc":{"start":{"line":255,"column":26},"end":{"line":257,"column":9}},"type":"cond-expr","locations":[{"start":{"line":256,"column":8},"end":{"line":256,"column":97}},{"start":{"line":257,"column":8},"end":{"line":257,"column":9}}],"line":255},"28":{"loc":{"start":{"line":258,"column":26},"end":{"line":258,"column":89}},"type":"cond-expr","locations":[{"start":{"line":258,"column":54},"end":{"line":258,"column":85}},{"start":{"line":258,"column":88},"end":{"line":258,"column":89}}],"line":258},"29":{"loc":{"start":{"line":259,"column":25},"end":{"line":259,"column":88}},"type":"cond-expr","locations":[{"start":{"line":259,"column":53},"end":{"line":259,"column":84}},{"start":{"line":259,"column":87},"end":{"line":259,"column":88}}],"line":259},"30":{"loc":{"start":{"line":265,"column":24},"end":{"line":265,"column":45}},"type":"binary-expr","locations":[{"start":{"line":265,"column":24},"end":{"line":265,"column":40}},{"start":{"line":265,"column":44},"end":{"line":265,"column":45}}],"line":265},"31":{"loc":{"start":{"line":266,"column":6},"end":{"line":268,"column":7}},"type":"if","locations":[{"start":{"line":266,"column":6},"end":{"line":268,"column":7}},{"start":{},"end":{}}],"line":266},"32":{"loc":{"start":{"line":282,"column":13},"end":{"line":282,"column":74}},"type":"binary-expr","locations":[{"start":{"line":282,"column":13},"end":{"line":282,"column":39}},{"start":{"line":282,"column":43},"end":{"line":282,"column":74}}],"line":282},"33":{"loc":{"start":{"line":302,"column":22},"end":{"line":302,"column":69}},"type":"cond-expr","locations":[{"start":{"line":302,"column":39},"end":{"line":302,"column":62}},{"start":{"line":302,"column":65},"end":{"line":302,"column":69}}],"line":302},"34":{"loc":{"start":{"line":315,"column":4},"end":{"line":317,"column":5}},"type":"if","locations":[{"start":{"line":315,"column":4},"end":{"line":317,"column":5}},{"start":{},"end":{}}],"line":315},"35":{"loc":{"start":{"line":328,"column":4},"end":{"line":328,"column":67}},"type":"if","locations":[{"start":{"line":328,"column":4},"end":{"line":328,"column":67}},{"start":{},"end":{}}],"line":328},"36":{"loc":{"start":{"line":329,"column":4},"end":{"line":329,"column":82}},"type":"if","locations":[{"start":{"line":329,"column":4},"end":{"line":329,"column":82}},{"start":{},"end":{}}],"line":329},"37":{"loc":{"start":{"line":330,"column":4},"end":{"line":330,"column":82}},"type":"if","locations":[{"start":{"line":330,"column":4},"end":{"line":330,"column":82}},{"start":{},"end":{}}],"line":330},"38":{"loc":{"start":{"line":331,"column":4},"end":{"line":331,"column":88}},"type":"if","locations":[{"start":{"line":331,"column":4},"end":{"line":331,"column":88}},{"start":{},"end":{}}],"line":331},"39":{"loc":{"start":{"line":332,"column":4},"end":{"line":332,"column":55}},"type":"if","locations":[{"start":{"line":332,"column":4},"end":{"line":332,"column":55}},{"start":{},"end":{}}],"line":332},"40":{"loc":{"start":{"line":333,"column":4},"end":{"line":333,"column":79}},"type":"if","locations":[{"start":{"line":333,"column":4},"end":{"line":333,"column":79}},{"start":{},"end":{}}],"line":333},"41":{"loc":{"start":{"line":338,"column":4},"end":{"line":344,"column":5}},"type":"if","locations":[{"start":{"line":338,"column":4},"end":{"line":344,"column":5}},{"start":{},"end":{}}],"line":338},"42":{"loc":{"start":{"line":339,"column":6},"end":{"line":341,"column":35}},"type":"binary-expr","locations":[{"start":{"line":339,"column":6},"end":{"line":339,"column":30}},{"start":{"line":340,"column":6},"end":{"line":340,"column":35}},{"start":{"line":341,"column":6},"end":{"line":341,"column":35}}],"line":339}},"s":{"0":5,"1":5,"2":5,"3":2,"4":5,"5":5,"6":9,"7":9,"8":5,"9":4,"10":4,"11":2,"12":2,"13":2,"14":5,"15":5,"16":1,"17":1,"18":1,"19":4,"20":4,"21":2,"22":2,"23":4,"24":4,"25":2,"26":2,"27":2,"28":2,"29":2,"30":2,"31":3,"32":3,"33":1,"34":2,"35":2,"36":2,"37":2,"38":2,"39":2,"40":2,"41":4,"42":4,"43":2,"44":2,"45":2,"46":2,"47":2,"48":2,"49":0,"50":2,"51":2,"52":2,"53":2,"54":2,"55":2,"56":2,"57":2,"58":2,"59":2,"60":2,"61":2,"62":2,"63":2,"64":2,"65":2,"66":2,"67":2,"68":2,"69":2,"70":0,"71":2,"72":2,"73":2,"74":2,"75":2,"76":2,"77":2,"78":1,"79":1,"80":1,"81":1,"82":1,"83":1,"84":1,"85":1,"86":1,"87":0,"88":1,"89":0,"90":1,"91":0,"92":1,"93":1,"94":1,"95":1},"f":{"0":5,"1":9,"2":4,"3":5,"4":3,"5":4,"6":2,"7":2,"8":2,"9":2,"10":2,"11":2,"12":2,"13":2},"b":{"0":[0],"1":[1],"2":[1],"3":[2,3],"4":[5,4],"5":[5,0],"6":[5,0],"7":[9,4],"8":[2,2],"9":[2,0],"10":[2,0],"11":[2,0],"12":[2,0],"13":[2,0],"14":[1,4],"15":[2,2],"16":[4,2],"17":[2,2],"18":[1,2],"19":[2,0],"20":[2,0],"21":[2,0],"22":[2,2],"23":[0,2],"24":[2,0],"25":[2,0],"26":[2,2],"27":[2,0],"28":[2,0],"29":[2,0],"30":[2,0],"31":[0,2],"32":[2,2],"33":[2,0],"34":[1,1],"35":[1,0],"36":[1,0],"37":[1,0],"38":[0,1],"39":[0,1],"40":[0,1],"41":[1,0],"42":[1,0,0]},"inputSourceMap":null,"_coverageSchema":"1a1c01bbd47fc00a2c39e90264f33305004495a9","hash":"980eefa4da11452da5e92fa916e1bd2d2fabe43b"}
,"/Users/anand/Desktop/task/backend/src/models/Company.js": {"path":"/Users/anand/Desktop/task/backend/src/models/Company.js","statementMap":{"0":{"start":{"line":6,"column":0},"end":{"line":30,"column":2}}},"fnMap":{},"branchMap":{},"s":{"0":2},"f":{},"b":{},"inputSourceMap":null,"_coverageSchema":"1a1c01bbd47fc00a2c39e90264f33305004495a9","hash":"602cb5ee7fa130829bcdb23bcaf7f9872d57d3f9"}
,"/Users/anand/Desktop/task/backend/src/models/Mentor.js": {"path":"/Users/anand/Desktop/task/backend/src/models/Mentor.js","statementMap":{"0":{"start":{"line":7,"column":0},"end":{"line":38,"column":2}},"1":{"start":{"line":40,"column":0},"end":{"line":40,"column":61}}},"fnMap":{},"branchMap":{},"s":{"0":2,"1":2},"f":{},"b":{},"inputSourceMap":null,"_coverageSchema":"1a1c01bbd47fc00a2c39e90264f33305004495a9","hash":"29c58fbeabe8f9505dd2bbfbdcf8e7f71a09cc40"}
,"/Users/anand/Desktop/task/backend/src/models/MentorFeedback.js": {"path":"/Users/anand/Desktop/task/backend/src/models/MentorFeedback.js","statementMap":{"0":{"start":{"line":9,"column":0},"end":{"line":71,"column":2}},"1":{"start":{"line":63,"column":8},"end":{"line":67,"column":9}},"2":{"start":{"line":64,"column":28},"end":{"line":64,"column":38}},"3":{"start":{"line":65,"column":31},"end":{"line":65,"column":70}},"4":{"start":{"line":66,"column":10},"end":{"line":66,"column":64}},"5":{"start":{"line":73,"column":0},"end":{"line":73,"column":81}},"6":{"start":{"line":74,"column":0},"end":{"line":74,"column":75}},"7":{"start":{"line":75,"column":0},"end":{"line":75,"column":82}},"8":{"start":{"line":76,"column":0},"end":{"line":76,"column":83}}},"fnMap":{"0":{"name":"(anonymous_0)","decl":{"start":{"line":62,"column":20},"end":{"line":62,"column":21}},"loc":{"start":{"line":62,"column":34},"end":{"line":68,"column":7}},"line":62}},"branchMap":{"0":{"loc":{"start":{"line":63,"column":8},"end":{"line":67,"column":9}},"type":"if","locations":[{"start":{"line":63,"column":8},"end":{"line":67,"column":9}},{"start":{},"end":{}}],"line":63}},"s":{"0":2,"1":0,"2":0,"3":0,"4":0,"5":2,"6":2,"7":2,"8":2},"f":{"0":0},"b":{"0":[0,0]},"inputSourceMap":null,"_coverageSchema":"1a1c01bbd47fc00a2c39e90264f33305004495a9","hash":"59a5711b450f00cc1931581e8973b9ca434f4ee5"}
,"/Users/anand/Desktop/task/backend/src/models/Student.js": {"path":"/Users/anand/Desktop/task/backend/src/models/Student.js","statementMap":{"0":{"start":{"line":6,"column":0},"end":{"line":31,"column":2}}},"fnMap":{},"branchMap":{},"s":{"0":2},"f":{},"b":{},"inputSourceMap":null,"_coverageSchema":"1a1c01bbd47fc00a2c39e90264f33305004495a9","hash":"b7cd39d203ecc59374b42ec2090cd57e3e49db39"}
,"/Users/anand/Desktop/task/backend/src/models/Training.js": {"path":"/Users/anand/Desktop/task/backend/src/models/Training.js","statementMap":{"0":{"start":{"line":8,"column":0},"end":{"line":79,"column":2}},"1":{"start":{"line":71,"column":8},"end":{"line":75,"column":9}},"2":{"start":{"line":72,"column":28},"end":{"line":72,"column":38}},"3":{"start":{"line":73,"column":31},"end":{"line":73,"column":70}},"4":{"start":{"line":74,"column":10},"end":{"line":74,"column":63}},"5":{"start":{"line":81,"column":0},"end":{"line":81,"column":72}},"6":{"start":{"line":82,"column":0},"end":{"line":82,"column":69}}},"fnMap":{"0":{"name":"(anonymous_0)","decl":{"start":{"line":70,"column":20},"end":{"line":70,"column":21}},"loc":{"start":{"line":70,"column":34},"end":{"line":76,"column":7}},"line":70}},"branchMap":{"0":{"loc":{"start":{"line":71,"column":8},"end":{"line":75,"column":9}},"type":"if","locations":[{"start":{"line":71,"column":8},"end":{"line":75,"column":9}},{"start":{},"end":{}}],"line":71}},"s":{"0":2,"1":1,"2":1,"3":1,"4":1,"5":2,"6":2},"f":{"0":1},"b":{"0":[1,0]},"inputSourceMap":null,"_coverageSchema":"1a1c01bbd47fc00a2c39e90264f33305004495a9","hash":"02e2b660873138db5612abd020f499217d24ddb4"}
,"/Users/anand/Desktop/task/backend/src/models/TrainingProgress.js": {"path":"/Users/anand/Desktop/task/backend/src/models/TrainingProgress.js","statementMap":{"0":{"start":{"line":8,"column":0},"end":{"line":82,"column":2}},"1":{"start":{"line":74,"column":8},"end":{"line":78,"column":9}},"2":{"start":{"line":75,"column":28},"end":{"line":75,"column":38}},"3":{"start":{"line":76,"column":31},"end":{"line":76,"column":70}},"4":{"start":{"line":77,"column":10},"end":{"line":77,"column":64}},"5":{"start":{"line":84,"column":0},"end":{"line":84,"column":83}},"6":{"start":{"line":85,"column":0},"end":{"line":85,"column":84}},"7":{"start":{"line":86,"column":0},"end":{"line":86,"column":85}}},"fnMap":{"0":{"name":"(anonymous_0)","decl":{"start":{"line":73,"column":20},"end":{"line":73,"column":21}},"loc":{"start":{"line":73,"column":34},"end":{"line":79,"column":7}},"line":73}},"branchMap":{"0":{"loc":{"start":{"line":74,"column":8},"end":{"line":78,"column":9}},"type":"if","locations":[{"start":{"line":74,"column":8},"end":{"line":78,"column":9}},{"start":{},"end":{}}],"line":74}},"s":{"0":2,"1":0,"2":0,"3":0,"4":0,"5":2,"6":2,"7":2},"f":{"0":0},"b":{"0":[0,0]},"inputSourceMap":null,"_coverageSchema":"1a1c01bbd47fc00a2c39e90264f33305004495a9","hash":"12a417bfacfde94a7caebdbee450031b5d07790e"}
,"/Users/anand/Desktop/task/backend/src/models/User.js": {"path":"/Users/anand/Desktop/task/backend/src/models/User.js","statementMap":{"0":{"start":{"line":6,"column":0},"end":{"line":33,"column":2}}},"fnMap":{},"branchMap":{},"s":{"0":2},"f":{},"b":{},"inputSourceMap":null,"_coverageSchema":"1a1c01bbd47fc00a2c39e90264f33305004495a9","hash":"c39b7faa44b2d08cf14ebd33030d859cf1f39c80"}
}
