TN:
SF:server.js
FN:19,(anonymous_0)
FN:27,(anonymous_1)
FN:32,(anonymous_2)
FNF:3
FNH:0
FNDA:0,(anonymous_0)
FNDA:0,(anonymous_1)
FNDA:0,(anonymous_2)
DA:7,1
DA:9,1
DA:11,1
DA:12,1
DA:14,1
DA:16,1
DA:17,1
DA:19,1
DA:20,0
DA:26,1
DA:27,0
DA:28,0
DA:32,1
DA:33,0
LF:14
LH:10
BRDA:12,0,0,1
BRDA:12,0,1,0
BRDA:26,1,0,0
BRDA:26,1,1,1
BRF:4
BRH:2
end_of_record
TN:
SF:config/db.js
FN:25,(anonymous_0)
FNF:1
FNH:1
FNDA:1,(anonymous_0)
DA:5,1
DA:6,1
DA:8,1
DA:10,1
DA:12,1
DA:23,1
DA:25,1
DA:26,1
DA:27,1
DA:28,1
DA:30,0
DA:31,0
LF:12
LH:10
BRDA:10,0,0,1
BRDA:10,0,1,0
BRDA:18,1,0,0
BRDA:18,1,1,1
BRF:4
BRH:2
end_of_record
TN:
SF:config/sequelize.js
FNF:0
FNH:0
DA:4,2
DA:6,2
DA:8,2
DA:9,0
DA:12,2
LF:5
LH:4
BRDA:6,0,0,2
BRDA:6,0,1,0
BRDA:8,1,0,0
BRDA:8,1,1,2
BRDA:17,2,0,0
BRDA:17,2,1,2
BRF:6
BRH:3
end_of_record
TN:
SF:controllers/dashboardController.js
FN:1,(anonymous_0)
FN:7,(anonymous_1)
FN:16,(anonymous_2)
FNF:3
FNH:0
FNDA:0,(anonymous_0)
FNDA:0,(anonymous_1)
FNDA:0,(anonymous_2)
DA:1,1
DA:2,0
DA:7,1
DA:8,0
DA:10,0
DA:16,1
DA:17,0
LF:7
LH:3
BRF:0
BRH:0
end_of_record
TN:
SF:controllers/trainingController.js
FN:4,(anonymous_0)
FN:30,(anonymous_1)
FN:57,(anonymous_2)
FN:82,(anonymous_3)
FN:100,(anonymous_4)
FNF:5
FNH:5
FNDA:8,(anonymous_0)
FNDA:2,(anonymous_1)
FNDA:2,(anonymous_2)
FNDA:2,(anonymous_3)
FNDA:2,(anonymous_4)
DA:4,1
DA:5,8
DA:6,8
DA:8,8
DA:9,8
DA:18,8
DA:19,8
DA:22,0
DA:26,0
DA:31,2
DA:32,2
DA:34,2
DA:35,2
DA:41,2
DA:42,2
DA:47,0
DA:48,0
DA:58,2
DA:59,2
DA:60,2
DA:62,2
DA:63,1
DA:68,1
DA:69,1
DA:70,1
DA:75,0
DA:83,2
DA:84,2
DA:85,2
DA:86,2
DA:88,2
DA:89,1
DA:91,1
DA:92,1
DA:93,1
DA:101,2
DA:102,2
DA:103,2
DA:105,2
DA:106,1
DA:111,1
DA:112,1
DA:113,1
LF:43
LH:38
BRDA:5,0,0,0
BRDA:5,0,1,8
BRDA:6,1,0,0
BRDA:6,1,1,8
BRDA:18,2,0,8
BRDA:18,2,1,0
BRDA:34,3,0,2
BRDA:34,3,1,0
BRDA:69,4,0,1
BRDA:69,4,1,0
BRDA:92,5,0,1
BRDA:92,5,1,0
BRDA:95,6,0,1
BRDA:95,6,1,0
BRDA:112,7,0,1
BRDA:112,7,1,0
BRDA:115,8,0,1
BRDA:115,8,1,0
BRF:18
BRH:9
end_of_record
TN:
SF:middleware/authMiddleware.js
FN:6,(anonymous_0)
FNF:1
FNH:1
FNDA:10,(anonymous_0)
DA:4,1
DA:6,1
DA:7,10
DA:8,10
DA:9,10
DA:10,0
DA:16,10
DA:17,10
DA:19,9
DA:20,9
DA:22,1
LF:11
LH:10
BRDA:9,0,0,0
BRDA:9,0,1,10
BRDA:9,1,0,10
BRDA:9,1,1,10
BRDA:17,2,0,10
BRDA:17,2,1,0
BRF:6
BRH:4
end_of_record
TN:
SF:middleware/roleMiddleware.js
FN:1,(anonymous_0)
FN:2,(anonymous_1)
FNF:2
FNH:2
FNDA:1,(anonymous_0)
FNDA:9,(anonymous_1)
DA:1,1
DA:2,1
DA:3,9
DA:4,0
DA:9,9
LF:5
LH:4
BRDA:3,0,0,0
BRDA:3,0,1,9
BRDA:3,1,0,9
BRDA:3,1,1,9
BRF:4
BRH:3
end_of_record
TN:
SF:middleware/validation.js
FN:3,(anonymous_0)
FN:22,(anonymous_1)
FN:38,(anonymous_2)
FNF:3
FNH:3
FNDA:2,(anonymous_0)
FNDA:3,(anonymous_1)
FNDA:7,(anonymous_2)
DA:3,1
DA:4,2
DA:10,2
DA:11,2
DA:12,0
DA:18,2
DA:19,2
DA:22,1
DA:23,3
DA:27,3
DA:28,3
DA:29,1
DA:35,2
DA:38,1
DA:39,7
DA:43,7
DA:44,7
DA:45,0
DA:51,7
LF:19
LH:17
BRDA:11,0,0,0
BRDA:11,0,1,2
BRDA:28,1,0,1
BRDA:28,1,1,2
BRDA:44,2,0,0
BRDA:44,2,1,7
BRF:6
BRH:4
end_of_record
TN:
SF:routes/dashboardRoutes.js
FNF:0
FNH:0
DA:3,1
DA:12,1
DA:15,1
DA:18,1
LF:4
LH:4
BRF:0
BRH:0
end_of_record
TN:
SF:routes/trainingRoutes.js
FNF:0
FNH:0
DA:11,1
DA:14,1
DA:17,1
DA:18,1
DA:19,1
DA:25,1
LF:6
LH:6
BRF:0
BRH:0
end_of_record
TN:
SF:services/trainingService.js
FN:14,(anonymous_0)
FN:54,(anonymous_1)
FN:87,(anonymous_2)
FN:145,(anonymous_3)
FN:176,(anonymous_4)
FN:202,(anonymous_5)
FN:238,(anonymous_6)
FN:244,(anonymous_7)
FN:247,(anonymous_8)
FN:252,(anonymous_9)
FN:253,(anonymous_10)
FN:256,(anonymous_11)
FN:282,(anonymous_12)
FN:310,(anonymous_13)
FNF:14
FNH:14
FNDA:5,(anonymous_0)
FNDA:9,(anonymous_1)
FNDA:4,(anonymous_2)
FNDA:5,(anonymous_3)
FNDA:3,(anonymous_4)
FNDA:4,(anonymous_5)
FNDA:2,(anonymous_6)
FNDA:2,(anonymous_7)
FNDA:2,(anonymous_8)
FNDA:2,(anonymous_9)
FNDA:2,(anonymous_10)
FNDA:2,(anonymous_11)
FNDA:2,(anonymous_12)
FNDA:2,(anonymous_13)
DA:15,5
DA:16,5
DA:18,5
DA:19,2
DA:22,5
DA:54,5
DA:55,9
DA:56,9
DA:74,5
DA:88,4
DA:117,4
DA:118,2
DA:121,2
DA:122,2
DA:146,5
DA:147,5
DA:148,1
DA:149,1
DA:150,1
DA:153,4
DA:154,4
DA:155,2
DA:157,2
DA:160,4
DA:161,4
DA:162,2
DA:163,2
DA:164,2
DA:167,2
DA:168,2
DA:170,2
DA:177,3
DA:181,3
DA:182,1
DA:185,2
DA:186,2
DA:187,2
DA:189,2
DA:193,2
DA:194,2
DA:196,2
DA:203,4
DA:204,4
DA:205,2
DA:206,2
DA:207,2
DA:210,2
DA:221,2
DA:222,2
DA:223,0
DA:237,2
DA:238,2
DA:240,2
DA:244,2
DA:245,2
DA:247,2
DA:248,2
DA:251,2
DA:252,2
DA:253,2
DA:255,2
DA:256,2
DA:258,2
DA:259,2
DA:263,2
DA:264,2
DA:265,2
DA:266,2
DA:267,0
DA:272,2
DA:281,2
DA:282,2
DA:284,2
DA:286,2
DA:311,2
DA:315,2
DA:316,1
DA:326,1
DA:328,1
DA:329,1
DA:330,1
DA:331,1
DA:332,1
DA:333,1
DA:335,1
DA:338,1
DA:343,1
DA:346,1
LF:88
LH:86
BRDA:14,0,0,0
BRDA:15,1,0,1
BRDA:15,2,0,1
BRDA:18,3,0,2
BRDA:18,3,1,3
BRDA:61,4,0,5
BRDA:61,4,1,4
BRDA:64,5,0,5
BRDA:64,5,1,0
BRDA:65,6,0,5
BRDA:65,6,1,0
BRDA:68,7,0,9
BRDA:68,7,1,4
BRDA:117,8,0,2
BRDA:117,8,1,2
BRDA:129,9,0,2
BRDA:129,9,1,0
BRDA:132,10,0,2
BRDA:132,10,1,0
BRDA:133,11,0,2
BRDA:133,11,1,0
BRDA:136,12,0,2
BRDA:136,12,1,0
BRDA:137,13,0,2
BRDA:137,13,1,0
BRDA:147,14,0,1
BRDA:147,14,1,4
BRDA:154,15,0,2
BRDA:154,15,1,2
BRDA:154,16,0,4
BRDA:154,16,1,2
BRDA:161,17,0,2
BRDA:161,17,1,2
BRDA:181,18,0,1
BRDA:181,18,1,2
BRDA:185,19,0,2
BRDA:185,19,1,0
BRDA:186,20,0,2
BRDA:186,20,1,0
BRDA:187,21,0,2
BRDA:187,21,1,0
BRDA:204,22,0,2
BRDA:204,22,1,2
BRDA:222,23,0,0
BRDA:222,23,1,2
BRDA:244,24,0,2
BRDA:244,24,1,0
BRDA:247,25,0,2
BRDA:247,25,1,0
BRDA:253,26,0,2
BRDA:253,26,1,2
BRDA:255,27,0,2
BRDA:255,27,1,0
BRDA:258,28,0,2
BRDA:258,28,1,0
BRDA:259,29,0,2
BRDA:259,29,1,0
BRDA:265,30,0,2
BRDA:265,30,1,0
BRDA:266,31,0,0
BRDA:266,31,1,2
BRDA:282,32,0,2
BRDA:282,32,1,2
BRDA:302,33,0,2
BRDA:302,33,1,0
BRDA:315,34,0,1
BRDA:315,34,1,1
BRDA:328,35,0,1
BRDA:328,35,1,0
BRDA:329,36,0,1
BRDA:329,36,1,0
BRDA:330,37,0,1
BRDA:330,37,1,0
BRDA:331,38,0,0
BRDA:331,38,1,1
BRDA:332,39,0,0
BRDA:332,39,1,1
BRDA:333,40,0,0
BRDA:333,40,1,1
BRDA:338,41,0,1
BRDA:338,41,1,0
BRDA:339,42,0,1
BRDA:339,42,1,0
BRDA:339,42,2,0
BRF:84
BRH:55
end_of_record
TN:
SF:src/models/Company.js
FNF:0
FNH:0
DA:6,2
LF:1
LH:1
BRF:0
BRH:0
end_of_record
TN:
SF:src/models/Mentor.js
FNF:0
FNH:0
DA:7,2
DA:40,2
LF:2
LH:2
BRF:0
BRH:0
end_of_record
TN:
SF:src/models/MentorFeedback.js
FN:62,(anonymous_0)
FNF:1
FNH:0
FNDA:0,(anonymous_0)
DA:9,2
DA:63,0
DA:64,0
DA:65,0
DA:66,0
DA:73,2
DA:74,2
DA:75,2
DA:76,2
LF:9
LH:5
BRDA:63,0,0,0
BRDA:63,0,1,0
BRF:2
BRH:0
end_of_record
TN:
SF:src/models/Student.js
FNF:0
FNH:0
DA:6,2
LF:1
LH:1
BRF:0
BRH:0
end_of_record
TN:
SF:src/models/Training.js
FN:70,(anonymous_0)
FNF:1
FNH:1
FNDA:1,(anonymous_0)
DA:8,2
DA:71,1
DA:72,1
DA:73,1
DA:74,1
DA:81,2
DA:82,2
LF:7
LH:7
BRDA:71,0,0,1
BRDA:71,0,1,0
BRF:2
BRH:1
end_of_record
TN:
SF:src/models/TrainingProgress.js
FN:73,(anonymous_0)
FNF:1
FNH:0
FNDA:0,(anonymous_0)
DA:8,2
DA:74,0
DA:75,0
DA:76,0
DA:77,0
DA:84,2
DA:85,2
DA:86,2
LF:8
LH:4
BRDA:74,0,0,0
BRDA:74,0,1,0
BRF:2
BRH:0
end_of_record
TN:
SF:src/models/User.js
FNF:0
FNH:0
DA:6,2
LF:1
LH:1
BRF:0
BRH:0
end_of_record
